#
# An unexpected error has been detected by Java Runtime Environment:
#
#  EXCEPTION_ACCESS_VIOLATION (0xc0000005) at pc=0x01ab0a9d, pid=936, tid=4088
#
# Java VM: Java HotSpot(TM) Client VM (11.3-b02 mixed mode, sharing windows-x86)
# Problematic frame:
# 
[error occurred during error reporting (printing problematic frame), id 0xe0000000]

# If you would like to submit a bug report, please visit:
#   http://java.sun.com/webapps/bugreport/crash.jsp
#

---------------  T H R E A D  ---------------

Current thread (0x01987000):  JavaThread "AWT-Windows" daemon [_thread_in_Java, id=4088, stack(0x03fd0000,0x04020000)]

siginfo: ExceptionCode=0xc0000005, reading address 0x8f64c3b4

Registers:
EAX=0x0464c3b0, EBX=0x2bf50638, ECX=0x00000e00, EDX=0x00000004
ESP=0x0401f4c8, EBP=0x0401f4d8, ESI=0x0401f4ec, EDI=0x01987000
EIP=0x01ab0a9d, EFLAGS=0x00010202

Top of Stack: (sp=0x0401f4c8)
0x0401f4c8:   23c82a48 01987000 00000006 00000001
0x0401f4d8:   0401f514 01a02f07 0401f518 2bf6e000
0x0401f4e8:   01a02f07 23c82a48 2c558fb0 0401f4f4
0x0401f4f8:   2b76a0a0 0401f520 2bf75f18 00000000
0x0401f508:   2bf762a8 0401f4ec 0401f51c 0401f544
0x0401f518:   01a02da1 23c82a48 23c910d0 0401f524
0x0401f528:   2b8c709a 0401f550 2c17b598 00000000
0x0401f538:   2c17b820 0401f51c 0401f54c 0401f574 

Instructions: (pc=0x01ab0a9d)
0x01ab0a8d:   00 00 00 c7 87 08 01 00 00 00 00 00 00 83 f8 00
0x01ab0a9d:   0f 84 02 00 00 00 8b 00 8b 4f 20 c7 81 80 00 00 


Stack: [0x03fd0000,0x04020000],  sp=0x0401f4c8,  free space=317k
Native frames: (J=compiled Java code, j=interpreted, Vv=VM code, C=native code)

[error occurred during error reporting (printing native stack), id 0xe0000000]


---------------  P R O C E S S  ---------------

Java Threads: ( => current thread )
  0x04660400 JavaThread "TimerQueue" daemon [_thread_blocked, id=3892, stack(0x05090000,0x050e0000)]
  0x01911c00 JavaThread "DestroyJavaVM" [_thread_blocked, id=976, stack(0x003b0000,0x00400000)]
  0x01987400 JavaThread "AWT-EventQueue-0" [_thread_in_native, id=3288, stack(0x04020000,0x04070000)]
=>0x01987000 JavaThread "AWT-Windows" daemon [_thread_in_Java, id=4088, stack(0x03fd0000,0x04020000)]
  0x01975400 JavaThread "AWT-Shutdown" [_thread_blocked, id=4064, stack(0x03f80000,0x03fd0000)]
  0x01975000 JavaThread "Java2D Disposer" daemon [_thread_blocked, id=628, stack(0x03da0000,0x03df0000)]
  0x0195fc00 JavaThread "Low Memory Detector" daemon [_thread_blocked, id=4068, stack(0x03c30000,0x03c80000)]
  0x0194ac00 JavaThread "CompilerThread0" daemon [_thread_blocked, id=2336, stack(0x03be0000,0x03c30000)]
  0x01948400 JavaThread "Attach Listener" daemon [_thread_blocked, id=420, stack(0x03b90000,0x03be0000)]
  0x0193d800 JavaThread "Signal Dispatcher" daemon [_thread_blocked, id=3756, stack(0x03b40000,0x03b90000)]
  0x01938400 JavaThread "Finalizer" daemon [_thread_blocked, id=852, stack(0x03af0000,0x03b40000)]
  0x01933800 JavaThread "Reference Handler" daemon [_thread_blocked, id=1040, stack(0x03aa0000,0x03af0000)]

Other Threads:
  0x01931c00 VMThread [stack: 0x03a50000,0x03aa0000] [id=3444]
  0x01968c00 WatcherThread [stack: 0x03c80000,0x03cd0000] [id=2724]

VM state:not at safepoint (normal execution)

VM Mutex/Monitor currently owned by a thread: None

Heap
 def new generation   total 960K, used 505K [0x23750000, 0x23850000, 0x23c30000)
  eden space 896K,  49% used [0x23750000, 0x237be798, 0x23830000)
  from space 64K, 100% used [0x23830000, 0x23840000, 0x23840000)
  to   space 64K,   0% used [0x23840000, 0x23840000, 0x23850000)
 tenured generation   total 4096K, used 2648K [0x23c30000, 0x24030000, 0x27750000)
   the space 4096K,  64% used [0x23c30000, 0x23ec6290, 0x23ec6400, 0x24030000)
 compacting perm gen  total 12288K, used 397K [0x27750000, 0x28350000, 0x2b750000)
   the space 12288K,   3% used [0x27750000, 0x277b36b8, 0x277b3800, 0x28350000)
    ro space 8192K,  67% used [0x2b750000, 0x2bcb7ea8, 0x2bcb8000, 0x2bf50000)
    rw space 12288K,  53% used [0x2bf50000, 0x2c5c5530, 0x2c5c5600, 0x2cb50000)

Dynamic libraries:
0x00400000 - 0x00424000 	C:\Program Files\Java\jdk1.6.0_13\bin\java.exe
0x76fe0000 - 0x7711c000 	C:\Windows\SYSTEM32\ntdll.dll
0x76c40000 - 0x76d14000 	C:\Windows\system32\kernel32.dll
0x751e0000 - 0x7522a000 	C:\Windows\system32\KERNELBASE.dll
0x754e0000 - 0x75580000 	C:\Windows\system32\ADVAPI32.dll
0x75580000 - 0x7562c000 	C:\Windows\system32\msvcrt.dll
0x75840000 - 0x75859000 	C:\Windows\SYSTEM32\sechost.dll
0x76b90000 - 0x76c31000 	C:\Windows\system32\RPCRT4.dll
0x7c340000 - 0x7c396000 	C:\Program Files\Java\jdk1.6.0_13\jre\bin\msvcr71.dll
0x6d8b0000 - 0x6db06000 	C:\Program Files\Java\jdk1.6.0_13\jre\bin\client\jvm.dll
0x76ac0000 - 0x76b89000 	C:\Windows\system32\USER32.dll
0x76890000 - 0x768de000 	C:\Windows\system32\GDI32.dll
0x758c0000 - 0x758ca000 	C:\Windows\system32\LPK.dll
0x75440000 - 0x754dd000 	C:\Windows\system32\USP10.dll
0x73780000 - 0x737b2000 	C:\Windows\system32\WINMM.dll
0x75860000 - 0x7587f000 	C:\Windows\system32\IMM32.DLL
0x758d0000 - 0x7599c000 	C:\Windows\system32\MSCTF.dll
0x75030000 - 0x7507b000 	C:\Windows\system32\apphelp.dll
0x6d340000 - 0x6d348000 	C:\Program Files\Java\jdk1.6.0_13\jre\bin\hpi.dll
0x75430000 - 0x75435000 	C:\Windows\system32\PSAPI.DLL
0x6d860000 - 0x6d86c000 	C:\Program Files\Java\jdk1.6.0_13\jre\bin\verify.dll
0x6d3e0000 - 0x6d3ff000 	C:\Program Files\Java\jdk1.6.0_13\jre\bin\java.dll
0x6d8a0000 - 0x6d8af000 	C:\Program Files\Java\jdk1.6.0_13\jre\bin\zip.dll
0x6d0b0000 - 0x6d1fa000 	C:\Program Files\Java\jdk1.6.0_13\jre\bin\awt.dll
0x70800000 - 0x70851000 	C:\Windows\system32\WINSPOOL.DRV
0x76960000 - 0x76abc000 	C:\Windows\system32\ole32.dll
0x73db0000 - 0x73f4e000 	C:\Windows\WinSxS\x86_microsoft.windows.common-controls_6595b64144ccf1df_6.0.7600.16385_none_421189da2b7fabfc\comctl32.dll
0x76830000 - 0x76887000 	C:\Windows\system32\SHLWAPI.dll
0x736c0000 - 0x736d3000 	C:\Windows\system32\DWMAPI.DLL
0x73b30000 - 0x73b70000 	C:\Windows\system32\uxtheme.dll
0x75080000 - 0x7508c000 	C:\Windows\system32\CRYPTBASE.dll
0x6d2e0000 - 0x6d334000 	C:\Program Files\Java\jdk1.6.0_13\jre\bin\fontmanager.dll
0x75be0000 - 0x76829000 	C:\Windows\system32\shell32.dll
0x6d6c0000 - 0x6d6d3000 	C:\Program Files\Java\jdk1.6.0_13\jre\bin\net.dll
0x75880000 - 0x758b5000 	C:\Windows\system32\WS2_32.dll
0x75830000 - 0x75836000 	C:\Windows\system32\NSI.dll
0x74b70000 - 0x74bac000 	C:\Windows\system32\mswsock.dll
0x74b60000 - 0x74b66000 	C:\Windows\System32\wship6.dll
0x6d6e0000 - 0x6d6e9000 	C:\Program Files\Java\jdk1.6.0_13\jre\bin\nio.dll
0x76db0000 - 0x76e33000 	C:\Windows\system32\CLBCatQ.DLL
0x77180000 - 0x7720f000 	C:\Windows\system32\OLEAUT32.dll

VM Arguments:
java_command: IUPAC_1
Launcher Type: SUN_STANDARD

Environment Variables:
PATH=C:\Program Files\NVIDIA Corporation\PhysX\Common;C:\Windows\system32;C:\Windows;C:\Windows\System32\Wbem;C:\Windows\System32\WindowsPowerShell\v1.0\
USERNAME=ekjot
OS=Windows_NT
PROCESSOR_IDENTIFIER=x86 Family 6 Model 23 Stepping 10, GenuineIntel



---------------  S Y S T E M  ---------------

OS: Windows NT 6.1 Build 7600 

CPU:total 2 (2 cores per cpu, 1 threads per core) family 6 model 7 stepping 10, cmov, cx8, fxsr, mmx, sse, sse2, sse3, ssse3

Memory: 4k page, physical 2087160k(1278364k free), swap 4174320k(3007308k free)

vm_info: Java HotSpot(TM) Client VM (11.3-b02) for windows-x86 JRE (1.6.0_13-b03), built on Mar  9 2009 01:15:24 by "java_re" with MS VC++ 7.1

time: Wed Feb 06 18:54:03 2013
elapsed time: 2 seconds

